{"/home/travis/build/npmtest/node-npmtest-ip/test.js":{"path":"/home/travis/build/npmtest/node-npmtest-ip/test.js","s":{"1":2,"2":2,"3":2,"4":2,"5":2,"6":2,"7":2,"8":1,"9":2,"10":2,"11":1,"12":1,"13":1,"14":1,"15":2,"16":2,"17":2,"18":2,"19":1,"20":1,"21":2,"22":2,"23":2,"24":1,"25":1,"26":1,"27":1,"28":1,"29":1,"30":1,"31":1,"32":1,"33":1,"34":1,"35":1,"36":2,"37":2,"38":1,"39":2,"40":2,"41":1,"42":2,"43":2,"44":1,"45":1,"46":1,"47":1,"48":1},"b":{"1":[2,1,1,1],"2":[1,1,1,1],"3":[1,1],"4":[1,1],"5":[1,1],"6":[1,1],"7":[1,1],"8":[1,1],"9":[1,1,1],"10":[1,1],"11":[1,1],"12":[1,1],"13":[1,1],"14":[1,1],"15":[1,1]},"f":{"1":2,"2":2,"3":2,"4":2,"5":2,"6":1,"7":1,"8":2,"9":2,"10":2,"11":1},"fnMap":{"1":{"name":"(anonymous_1)","line":12,"loc":{"start":{"line":12,"column":1},"end":{"line":12,"column":13}}},"2":{"name":"(anonymous_2)","line":19,"loc":{"start":{"line":19,"column":5},"end":{"line":19,"column":17}}},"3":{"name":"(anonymous_3)","line":23,"loc":{"start":{"line":23,"column":24},"end":{"line":23,"column":36}}},"4":{"name":"(anonymous_4)","line":61,"loc":{"start":{"line":61,"column":5},"end":{"line":61,"column":17}}},"5":{"name":"(anonymous_5)","line":82,"loc":{"start":{"line":82,"column":5},"end":{"line":82,"column":17}}},"6":{"name":"(anonymous_6)","line":102,"loc":{"start":{"line":102,"column":83},"end":{"line":105,"column":10}},"skip":true},"7":{"name":"(anonymous_7)","line":113,"loc":{"start":{"line":113,"column":77},"end":{"line":116,"column":10}},"skip":true},"8":{"name":"(anonymous_8)","line":127,"loc":{"start":{"line":127,"column":77},"end":{"line":130,"column":10}},"skip":true},"9":{"name":"(anonymous_9)","line":138,"loc":{"start":{"line":138,"column":83},"end":{"line":141,"column":10}},"skip":true},"10":{"name":"(anonymous_10)","line":149,"loc":{"start":{"line":149,"column":79},"end":{"line":152,"column":10}},"skip":true},"11":{"name":"(anonymous_11)","line":160,"loc":{"start":{"line":160,"column":75},"end":{"line":163,"column":10}},"skip":true}},"statementMap":{"1":{"start":{"line":12,"column":0},"end":{"line":175,"column":5}},"2":{"start":{"line":14,"column":4},"end":{"line":14,"column":14}},"3":{"start":{"line":19,"column":4},"end":{"line":56,"column":9}},"4":{"start":{"line":21,"column":8},"end":{"line":21,"column":19}},"5":{"start":{"line":23,"column":8},"end":{"line":35,"column":13}},"6":{"start":{"line":24,"column":12},"end":{"line":34,"column":13}},"7":{"start":{"line":25,"column":16},"end":{"line":28,"column":30}},"8":{"start":{"line":30,"column":16},"end":{"line":33,"column":27}},"9":{"start":{"line":37,"column":8},"end":{"line":39,"column":21}},"10":{"start":{"line":40,"column":8},"end":{"line":53,"column":9}},"11":{"start":{"line":43,"column":12},"end":{"line":46,"column":14}},"12":{"start":{"line":47,"column":12},"end":{"line":47,"column":18}},"13":{"start":{"line":50,"column":12},"end":{"line":51,"column":46}},"14":{"start":{"line":52,"column":12},"end":{"line":52,"column":18}},"15":{"start":{"line":55,"column":8},"end":{"line":55,"column":35}},"16":{"start":{"line":61,"column":4},"end":{"line":63,"column":9}},"17":{"start":{"line":62,"column":8},"end":{"line":62,"column":15}},"18":{"start":{"line":64,"column":4},"end":{"line":77,"column":5}},"19":{"start":{"line":70,"column":8},"end":{"line":70,"column":14}},"20":{"start":{"line":76,"column":8},"end":{"line":76,"column":14}},"21":{"start":{"line":82,"column":4},"end":{"line":84,"column":9}},"22":{"start":{"line":83,"column":8},"end":{"line":83,"column":15}},"23":{"start":{"line":85,"column":4},"end":{"line":174,"column":5}},"24":{"start":{"line":92,"column":8},"end":{"line":94,"column":63}},"25":{"start":{"line":95,"column":8},"end":{"line":95,"column":14}},"26":{"start":{"line":102,"column":8},"end":{"line":111,"column":10},"skip":true},"27":{"start":{"line":109,"column":12},"end":{"line":109,"column":55},"skip":true},"28":{"start":{"line":110,"column":12},"end":{"line":110,"column":48},"skip":true},"29":{"start":{"line":113,"column":8},"end":{"line":125,"column":10},"skip":true},"30":{"start":{"line":120,"column":12},"end":{"line":120,"column":76},"skip":true},"31":{"start":{"line":121,"column":12},"end":{"line":121,"column":73},"skip":true},"32":{"start":{"line":122,"column":12},"end":{"line":122,"column":74},"skip":true},"33":{"start":{"line":123,"column":12},"end":{"line":123,"column":25},"skip":true},"34":{"start":{"line":124,"column":12},"end":{"line":124,"column":45},"skip":true},"35":{"start":{"line":127,"column":8},"end":{"line":136,"column":10},"skip":true},"36":{"start":{"line":134,"column":12},"end":{"line":134,"column":25},"skip":true},"37":{"start":{"line":135,"column":12},"end":{"line":135,"column":45},"skip":true},"38":{"start":{"line":138,"column":8},"end":{"line":147,"column":10},"skip":true},"39":{"start":{"line":145,"column":12},"end":{"line":145,"column":25},"skip":true},"40":{"start":{"line":146,"column":12},"end":{"line":146,"column":48},"skip":true},"41":{"start":{"line":149,"column":8},"end":{"line":158,"column":10},"skip":true},"42":{"start":{"line":156,"column":12},"end":{"line":156,"column":25},"skip":true},"43":{"start":{"line":157,"column":12},"end":{"line":157,"column":46},"skip":true},"44":{"start":{"line":160,"column":8},"end":{"line":169,"column":10},"skip":true},"45":{"start":{"line":167,"column":12},"end":{"line":167,"column":94},"skip":true},"46":{"start":{"line":168,"column":12},"end":{"line":168,"column":48},"skip":true},"47":{"start":{"line":172,"column":8},"end":{"line":172,"column":35},"skip":true},"48":{"start":{"line":173,"column":8},"end":{"line":173,"column":14},"skip":true}},"branchMap":{"1":{"line":25,"type":"binary-expr","locations":[{"start":{"line":25,"column":23},"end":{"line":25,"column":62}},{"start":{"line":26,"column":20},"end":{"line":26,"column":70}},{"start":{"line":27,"column":20},"end":{"line":27,"column":71}},{"start":{"line":28,"column":20},"end":{"line":28,"column":29}}]},"2":{"line":30,"type":"binary-expr","locations":[{"start":{"line":30,"column":23},"end":{"line":30,"column":37}},{"start":{"line":31,"column":20},"end":{"line":31,"column":61}},{"start":{"line":32,"column":20},"end":{"line":32,"column":70}},{"start":{"line":33,"column":20},"end":{"line":33,"column":26}}]},"3":{"line":37,"type":"cond-expr","locations":[{"start":{"line":38,"column":14},"end":{"line":38,"column":20}},{"start":{"line":39,"column":14},"end":{"line":39,"column":20}}]},"4":{"line":40,"type":"switch","locations":[{"start":{"line":42,"column":8},"end":{"line":47,"column":18}},{"start":{"line":49,"column":8},"end":{"line":52,"column":18}}]},"5":{"line":44,"type":"binary-expr","locations":[{"start":{"line":44,"column":16},"end":{"line":44,"column":44}},{"start":{"line":44,"column":48},"end":{"line":44,"column":66}}]},"6":{"line":50,"type":"binary-expr","locations":[{"start":{"line":50,"column":21},"end":{"line":50,"column":49}},{"start":{"line":50,"column":53},"end":{"line":50,"column":72}}]},"7":{"line":64,"type":"switch","locations":[{"start":{"line":69,"column":4},"end":{"line":70,"column":14}},{"start":{"line":75,"column":4},"end":{"line":76,"column":14}}]},"8":{"line":85,"type":"switch","locations":[{"start":{"line":90,"column":4},"end":{"line":95,"column":14}},{"start":{"line":101,"column":4},"end":{"line":173,"column":14},"skip":true}]},"9":{"line":92,"type":"binary-expr","locations":[{"start":{"line":92,"column":18},"end":{"line":92,"column":32}},{"start":{"line":93,"column":12},"end":{"line":93,"column":53}},{"start":{"line":94,"column":12},"end":{"line":94,"column":61}}]},"10":{"line":102,"type":"binary-expr","locations":[{"start":{"line":102,"column":45},"end":{"line":102,"column":79},"skip":true},{"start":{"line":102,"column":83},"end":{"line":111,"column":9},"skip":true}]},"11":{"line":113,"type":"binary-expr","locations":[{"start":{"line":113,"column":42},"end":{"line":113,"column":73},"skip":true},{"start":{"line":113,"column":77},"end":{"line":125,"column":9},"skip":true}]},"12":{"line":127,"type":"binary-expr","locations":[{"start":{"line":127,"column":42},"end":{"line":127,"column":73},"skip":true},{"start":{"line":127,"column":77},"end":{"line":136,"column":9},"skip":true}]},"13":{"line":138,"type":"binary-expr","locations":[{"start":{"line":138,"column":45},"end":{"line":138,"column":79},"skip":true},{"start":{"line":138,"column":83},"end":{"line":147,"column":9},"skip":true}]},"14":{"line":149,"type":"binary-expr","locations":[{"start":{"line":149,"column":43},"end":{"line":149,"column":75},"skip":true},{"start":{"line":149,"column":79},"end":{"line":158,"column":9},"skip":true}]},"15":{"line":160,"type":"binary-expr","locations":[{"start":{"line":160,"column":41},"end":{"line":160,"column":71},"skip":true},{"start":{"line":160,"column":75},"end":{"line":169,"column":9},"skip":true}]}},"code":["/* istanbul instrument in package npmtest_ip */","/*jslint","    bitwise: true,","    browser: true,","    maxerr: 8,","    maxlen: 96,","    node: true,","    nomen: true,","    regexp: true,","    stupid: true","*/","(function () {","    'use strict';","    var local;","","","","    // run shared js-env code - pre-init","    (function () {","        // init local","        local = {};","        // init modeJs","        local.modeJs = (function () {","            try {","                return typeof navigator.userAgent === 'string' &&","                    typeof document.querySelector('body') === 'object' &&","                    typeof XMLHttpRequest.prototype.open === 'function' &&","                    'browser';","            } catch (errorCaughtBrowser) {","                return module.exports &&","                    typeof process.versions.node === 'string' &&","                    typeof require('http').createServer === 'function' &&","                    'node';","            }","        }());","        // init global","        local.global = local.modeJs === 'browser'","            ? window","            : global;","        switch (local.modeJs) {","        // re-init local from window.local","        case 'browser':","            local = local.global.utility2.objectSetDefault(","                local.global.utility2_rollup || local.global.local,","                local.global.utility2","            );","            break;","        // re-init local from example.js","        case 'node':","            local = (local.global.utility2_rollup || require('utility2'))","                .requireExampleJsFromReadme();","            break;","        }","        // export local","        local.global.local = local;","    }());","","","","    // run shared js-env code - function","    (function () {","        return;","    }());","    switch (local.modeJs) {","","","","    // run browser js-env code - function","    case 'browser':","        break;","","","","    // run node js-env code - function","    case 'node':","        break;","    }","","","","    // run shared js-env code - post-init","    (function () {","        return;","    }());","    switch (local.modeJs) {","","","","    // run browser js-env code - post-init","    case 'browser':","        // run tests","        local.nop(local.modeTest &&","            document.querySelector('#testRunButton1') &&","            document.querySelector('#testRunButton1').click());","        break;","","","","    // run node js-env code - post-init","    /* istanbul ignore next */","    case 'node':","        local.testCase_buildApidoc_default = local.testCase_buildApidoc_default || function (","            options,","            onError","        ) {","        /*","         * this function will test buildApidoc's default handling-behavior-behavior","         */","            options = { modulePathList: module.paths };","            local.buildApidoc(options, onError);","        };","","        local.testCase_buildApp_default = local.testCase_buildApp_default || function (","            options,","            onError","        ) {","        /*","         * this function will test buildApp's default handling-behavior-behavior","         */","            local.testCase_buildReadme_default(options, local.onErrorThrow);","            local.testCase_buildLib_default(options, local.onErrorThrow);","            local.testCase_buildTest_default(options, local.onErrorThrow);","            options = [];","            local.buildApp(options, onError);","        };","","        local.testCase_buildLib_default = local.testCase_buildLib_default || function (","            options,","            onError","        ) {","        /*","         * this function will test buildLib's default handling-behavior","         */","            options = {};","            local.buildLib(options, onError);","        };","","        local.testCase_buildReadme_default = local.testCase_buildReadme_default || function (","            options,","            onError","        ) {","        /*","         * this function will test buildReadme's default handling-behavior-behavior","         */","            options = {};","            local.buildReadme(options, onError);","        };","","        local.testCase_buildTest_default = local.testCase_buildTest_default || function (","            options,","            onError","        ) {","        /*","         * this function will test buildTest's default handling-behavior","         */","            options = {};","            local.buildTest(options, onError);","        };","","        local.testCase_webpage_default = local.testCase_webpage_default || function (","            options,","            onError","        ) {","        /*","         * this function will test webpage's default handling-behavior","         */","            options = { modeCoverageMerge: true, url: local.serverLocalHost + '?modeTest=1' };","            local.browserTest(options, onError);","        };","","        // run test-server","        local.testRunServer(local);","        break;","    }","}());",""],"l":{"12":2,"14":2,"19":2,"21":2,"23":2,"24":2,"25":2,"30":1,"37":2,"40":2,"43":1,"47":1,"50":1,"52":1,"55":2,"61":2,"62":2,"64":2,"70":1,"76":1,"82":2,"83":2,"85":2,"92":1,"95":1,"102":1,"109":1,"110":1,"113":1,"120":1,"121":1,"122":1,"123":1,"124":1,"127":1,"134":2,"135":2,"138":1,"145":2,"146":2,"149":1,"156":2,"157":2,"160":1,"167":1,"168":1,"172":1,"173":1}},"/home/travis/build/npmtest/node-npmtest-ip/lib.npmtest_ip.js":{"path":"/home/travis/build/npmtest/node-npmtest-ip/lib.npmtest_ip.js","s":{"1":2,"2":2,"3":2,"4":2,"5":2,"6":2,"7":2,"8":1,"9":2,"10":2,"11":2,"12":2,"13":1,"14":1,"15":1,"16":1},"b":{"1":[2,1,1,1],"2":[1,1,1,1],"3":[1,1],"4":[2,2],"5":[1,1]},"f":{"1":2,"2":2,"3":2},"fnMap":{"1":{"name":"(anonymous_1)","line":12,"loc":{"start":{"line":12,"column":1},"end":{"line":12,"column":13}}},"2":{"name":"(anonymous_2)","line":19,"loc":{"start":{"line":19,"column":5},"end":{"line":19,"column":17}}},"3":{"name":"(anonymous_3)","line":23,"loc":{"start":{"line":23,"column":24},"end":{"line":23,"column":36}}}},"statementMap":{"1":{"start":{"line":12,"column":0},"end":{"line":53,"column":5}},"2":{"start":{"line":14,"column":4},"end":{"line":14,"column":14}},"3":{"start":{"line":19,"column":4},"end":{"line":52,"column":9}},"4":{"start":{"line":21,"column":8},"end":{"line":21,"column":19}},"5":{"start":{"line":23,"column":8},"end":{"line":35,"column":13}},"6":{"start":{"line":24,"column":12},"end":{"line":34,"column":13}},"7":{"start":{"line":25,"column":16},"end":{"line":28,"column":30}},"8":{"start":{"line":30,"column":16},"end":{"line":33,"column":27}},"9":{"start":{"line":37,"column":8},"end":{"line":39,"column":21}},"10":{"start":{"line":41,"column":8},"end":{"line":41,"column":54}},"11":{"start":{"line":43,"column":8},"end":{"line":43,"column":47}},"12":{"start":{"line":45,"column":8},"end":{"line":51,"column":9}},"13":{"start":{"line":46,"column":12},"end":{"line":46,"column":53}},"14":{"start":{"line":48,"column":12},"end":{"line":48,"column":35}},"15":{"start":{"line":49,"column":12},"end":{"line":49,"column":49}},"16":{"start":{"line":50,"column":12},"end":{"line":50,"column":43}}},"branchMap":{"1":{"line":25,"type":"binary-expr","locations":[{"start":{"line":25,"column":23},"end":{"line":25,"column":62}},{"start":{"line":26,"column":20},"end":{"line":26,"column":70}},{"start":{"line":27,"column":20},"end":{"line":27,"column":71}},{"start":{"line":28,"column":20},"end":{"line":28,"column":29}}]},"2":{"line":30,"type":"binary-expr","locations":[{"start":{"line":30,"column":23},"end":{"line":30,"column":37}},{"start":{"line":31,"column":20},"end":{"line":31,"column":61}},{"start":{"line":32,"column":20},"end":{"line":32,"column":70}},{"start":{"line":33,"column":20},"end":{"line":33,"column":26}}]},"3":{"line":37,"type":"cond-expr","locations":[{"start":{"line":38,"column":14},"end":{"line":38,"column":20}},{"start":{"line":39,"column":14},"end":{"line":39,"column":20}}]},"4":{"line":41,"type":"binary-expr","locations":[{"start":{"line":41,"column":16},"end":{"line":41,"column":44}},{"start":{"line":41,"column":48},"end":{"line":41,"column":53}}]},"5":{"line":45,"type":"if","locations":[{"start":{"line":45,"column":8},"end":{"line":45,"column":8}},{"start":{"line":45,"column":8},"end":{"line":45,"column":8}}]}},"code":["/* istanbul instrument in package npmtest_ip */","/*jslint","    bitwise: true,","    browser: true,","    maxerr: 8,","    maxlen: 96,","    node: true,","    nomen: true,","    regexp: true,","    stupid: true","*/","(function () {","    'use strict';","    var local;","","","","    // run shared js-env code - pre-init","    (function () {","        // init local","        local = {};","        // init modeJs","        local.modeJs = (function () {","            try {","                return typeof navigator.userAgent === 'string' &&","                    typeof document.querySelector('body') === 'object' &&","                    typeof XMLHttpRequest.prototype.open === 'function' &&","                    'browser';","            } catch (errorCaughtBrowser) {","                return module.exports &&","                    typeof process.versions.node === 'string' &&","                    typeof require('http').createServer === 'function' &&","                    'node';","            }","        }());","        // init global","        local.global = local.modeJs === 'browser'","            ? window","            : global;","        // init utility2_rollup","        local = local.global.utility2_rollup || local;","        // init lib","        local.local = local.npmtest_ip = local;","        // init exports","        if (local.modeJs === 'browser') {","            local.global.utility2_npmtest_ip = local;","        } else {","            module.exports = local;","            module.exports.__dirname = __dirname;","            module.exports.module = module;","        }","    }());","}());",""],"l":{"12":2,"14":2,"19":2,"21":2,"23":2,"24":2,"25":2,"30":1,"37":2,"41":2,"43":2,"45":2,"46":1,"48":1,"49":1,"50":1}},"/home/travis/build/npmtest/node-npmtest-ip/example.js":{"path":"/home/travis/build/npmtest/node-npmtest-ip/example.js","s":{"1":2,"2":2,"3":2,"4":2,"5":2,"6":2,"7":2,"8":1,"9":2,"10":2,"11":2,"12":2,"13":1,"14":2,"15":2,"16":2,"17":2,"18":2,"19":0,"20":2,"21":1,"22":1,"23":1,"24":1,"25":1,"26":0,"27":0,"28":1,"29":1,"30":2,"31":0,"32":0,"33":0,"34":1,"35":2,"36":2,"37":2,"38":2,"39":2,"40":2,"41":0,"42":2,"43":2,"44":2,"45":1,"46":3,"47":1,"48":1,"49":1,"50":1,"51":1,"52":1,"53":1,"54":1,"55":1,"56":1,"57":0,"58":1,"59":6,"60":6,"61":1,"62":2,"63":0,"64":2,"65":1,"66":1,"67":0,"68":0,"69":0,"70":0,"71":0,"72":0,"73":0,"74":0,"75":0,"76":0,"77":0,"78":0,"79":0,"80":0,"81":0,"82":0,"83":0},"b":{"1":[2,1,1,1],"2":[1,1,1,1],"3":[1,1],"4":[2,2],"5":[1,1],"6":[1,1],"7":[2,0],"8":[2,1,1,1,1,1],"9":[0,2,0],"10":[1,1],"11":[2,1,1],"12":[1,0],"13":[0,2],"14":[2,0,0,0,0,0,0],"15":[0,2],"16":[2,0],"17":[1,1],"18":[0,1],"19":[1,2,0,2],"20":[1,0],"21":[1,1],"22":[0,0],"23":[0,0],"24":[0,0],"25":[0,0],"26":[0,0],"27":[0,0],"28":[0,0]},"f":{"1":2,"2":2,"3":2,"4":2,"5":2,"6":2,"7":2,"8":2,"9":3,"10":1,"11":6,"12":0},"fnMap":{"1":{"name":"(anonymous_1)","line":26,"loc":{"start":{"line":26,"column":1},"end":{"line":26,"column":13}}},"2":{"name":"(anonymous_2)","line":33,"loc":{"start":{"line":33,"column":5},"end":{"line":33,"column":17}}},"3":{"name":"(anonymous_3)","line":37,"loc":{"start":{"line":37,"column":24},"end":{"line":37,"column":36}}},"4":{"name":"(anonymous_4)","line":69,"loc":{"start":{"line":69,"column":31},"end":{"line":69,"column":48}},"skip":true},"5":{"name":"(anonymous_5)","line":78,"loc":{"start":{"line":78,"column":26},"end":{"line":78,"column":45}},"skip":true},"6":{"name":"(anonymous_6)","line":123,"loc":{"start":{"line":123,"column":33},"end":{"line":123,"column":48}},"skip":true},"7":{"name":"(anonymous_7)","line":125,"loc":{"start":{"line":125,"column":27},"end":{"line":125,"column":39}},"skip":true},"8":{"name":"(anonymous_8)","line":133,"loc":{"start":{"line":133,"column":59},"end":{"line":133,"column":74}},"skip":true},"9":{"name":"(anonymous_9)","line":143,"loc":{"start":{"line":143,"column":45},"end":{"line":143,"column":62}},"skip":true},"10":{"name":"(anonymous_10)","line":144,"loc":{"start":{"line":144,"column":73},"end":{"line":144,"column":92}},"skip":true},"11":{"name":"(anonymous_11)","line":272,"loc":{"start":{"line":272,"column":51},"end":{"line":272,"column":77}},"skip":true},"12":{"name":"(anonymous_12)","line":314,"loc":{"start":{"line":314,"column":32},"end":{"line":314,"column":61}},"skip":true}},"statementMap":{"1":{"start":{"line":26,"column":0},"end":{"line":325,"column":5}},"2":{"start":{"line":28,"column":4},"end":{"line":28,"column":14}},"3":{"start":{"line":33,"column":4},"end":{"line":60,"column":9}},"4":{"start":{"line":35,"column":8},"end":{"line":35,"column":19}},"5":{"start":{"line":37,"column":8},"end":{"line":49,"column":13}},"6":{"start":{"line":38,"column":12},"end":{"line":48,"column":13}},"7":{"start":{"line":39,"column":16},"end":{"line":42,"column":30}},"8":{"start":{"line":44,"column":16},"end":{"line":47,"column":27}},"9":{"start":{"line":51,"column":8},"end":{"line":53,"column":21}},"10":{"start":{"line":55,"column":8},"end":{"line":57,"column":45}},"11":{"start":{"line":59,"column":8},"end":{"line":59,"column":35}},"12":{"start":{"line":61,"column":4},"end":{"line":324,"column":5}},"13":{"start":{"line":69,"column":8},"end":{"line":121,"column":10},"skip":true},"14":{"start":{"line":70,"column":12},"end":{"line":88,"column":13},"skip":true},"15":{"start":{"line":76,"column":16},"end":{"line":87,"column":19},"skip":true},"16":{"start":{"line":79,"column":20},"end":{"line":86,"column":21},"skip":true},"17":{"start":{"line":82,"column":24},"end":{"line":82,"column":43},"skip":true},"18":{"start":{"line":83,"column":24},"end":{"line":83,"column":30},"skip":true},"19":{"start":{"line":85,"column":24},"end":{"line":85,"column":49},"skip":true},"20":{"start":{"line":89,"column":12},"end":{"line":107,"column":13},"skip":true},"21":{"start":{"line":92,"column":16},"end":{"line":102,"column":17},"skip":true},"22":{"start":{"line":93,"column":20},"end":{"line":93,"column":86},"skip":true},"23":{"start":{"line":94,"column":20},"end":{"line":95,"column":45},"skip":true},"24":{"start":{"line":96,"column":20},"end":{"line":96,"column":42},"skip":true},"25":{"start":{"line":97,"column":20},"end":{"line":97,"column":48},"skip":true},"26":{"start":{"line":100,"column":20},"end":{"line":100,"column":85},"skip":true},"27":{"start":{"line":101,"column":20},"end":{"line":101,"column":96},"skip":true},"28":{"start":{"line":103,"column":16},"end":{"line":103,"column":22},"skip":true},"29":{"start":{"line":106,"column":16},"end":{"line":106,"column":22},"skip":true},"30":{"start":{"line":108,"column":12},"end":{"line":120,"column":13},"skip":true},"31":{"start":{"line":114,"column":16},"end":{"line":119,"column":17},"skip":true},"32":{"start":{"line":116,"column":20},"end":{"line":116,"column":78},"skip":true},"33":{"start":{"line":118,"column":20},"end":{"line":118,"column":53},"skip":true},"34":{"start":{"line":123,"column":8},"end":{"line":141,"column":11},"skip":true},"35":{"start":{"line":124,"column":12},"end":{"line":124,"column":54},"skip":true},"36":{"start":{"line":125,"column":12},"end":{"line":140,"column":14},"skip":true},"37":{"start":{"line":126,"column":16},"end":{"line":126,"column":28},"skip":true},"38":{"start":{"line":127,"column":16},"end":{"line":127,"column":69},"skip":true},"39":{"start":{"line":128,"column":16},"end":{"line":128,"column":75},"skip":true},"40":{"start":{"line":129,"column":16},"end":{"line":131,"column":17},"skip":true},"41":{"start":{"line":130,"column":20},"end":{"line":130,"column":27},"skip":true},"42":{"start":{"line":133,"column":16},"end":{"line":137,"column":36},"skip":true},"43":{"start":{"line":134,"column":20},"end":{"line":136,"column":55},"skip":true},"44":{"start":{"line":139,"column":16},"end":{"line":139,"column":57},"skip":true},"45":{"start":{"line":143,"column":8},"end":{"line":147,"column":11},"skip":true},"46":{"start":{"line":144,"column":12},"end":{"line":146,"column":15},"skip":true},"47":{"start":{"line":145,"column":16},"end":{"line":145,"column":70},"skip":true},"48":{"start":{"line":149,"column":8},"end":{"line":149,"column":31},"skip":true},"49":{"start":{"line":150,"column":8},"end":{"line":150,"column":14},"skip":true},"50":{"start":{"line":158,"column":8},"end":{"line":158,"column":31},"skip":true},"51":{"start":{"line":160,"column":8},"end":{"line":160,"column":33},"skip":true},"52":{"start":{"line":161,"column":8},"end":{"line":161,"column":37},"skip":true},"53":{"start":{"line":162,"column":8},"end":{"line":162,"column":35},"skip":true},"54":{"start":{"line":164,"column":8},"end":{"line":164,"column":50},"skip":true},"55":{"start":{"line":166,"column":8},"end":{"line":256,"column":2},"skip":true},"56":{"start":{"line":258,"column":8},"end":{"line":286,"column":9},"skip":true},"57":{"start":{"line":259,"column":12},"end":{"line":269,"column":14},"skip":true},"58":{"start":{"line":271,"column":12},"end":{"line":285,"column":19},"skip":true},"59":{"start":{"line":274,"column":20},"end":{"line":274,"column":35},"skip":true},"60":{"start":{"line":275,"column":20},"end":{"line":284,"column":21},"skip":true},"61":{"start":{"line":277,"column":24},"end":{"line":277,"column":64},"skip":true},"62":{"start":{"line":279,"column":24},"end":{"line":279,"column":40},"skip":true},"63":{"start":{"line":281,"column":24},"end":{"line":281,"column":40},"skip":true},"64":{"start":{"line":283,"column":24},"end":{"line":283,"column":39},"skip":true},"65":{"start":{"line":288,"column":8},"end":{"line":290,"column":9},"skip":true},"66":{"start":{"line":289,"column":12},"end":{"line":289,"column":18},"skip":true},"67":{"start":{"line":291,"column":8},"end":{"line":293,"column":54},"skip":true},"68":{"start":{"line":294,"column":8},"end":{"line":301,"column":37},"skip":true},"69":{"start":{"line":302,"column":8},"end":{"line":302,"column":82},"skip":true},"70":{"start":{"line":305,"column":8},"end":{"line":307,"column":9},"skip":true},"71":{"start":{"line":306,"column":12},"end":{"line":306,"column":82},"skip":true},"72":{"start":{"line":309,"column":8},"end":{"line":311,"column":9},"skip":true},"73":{"start":{"line":310,"column":12},"end":{"line":310,"column":18},"skip":true},"74":{"start":{"line":312,"column":8},"end":{"line":312,"column":54},"skip":true},"75":{"start":{"line":313,"column":8},"end":{"line":313,"column":69},"skip":true},"76":{"start":{"line":314,"column":8},"end":{"line":322,"column":36},"skip":true},"77":{"start":{"line":315,"column":12},"end":{"line":315,"column":61},"skip":true},"78":{"start":{"line":316,"column":12},"end":{"line":319,"column":13},"skip":true},"79":{"start":{"line":317,"column":16},"end":{"line":317,"column":75},"skip":true},"80":{"start":{"line":318,"column":16},"end":{"line":318,"column":23},"skip":true},"81":{"start":{"line":320,"column":12},"end":{"line":320,"column":38},"skip":true},"82":{"start":{"line":321,"column":12},"end":{"line":321,"column":27},"skip":true},"83":{"start":{"line":323,"column":8},"end":{"line":323,"column":14},"skip":true}},"branchMap":{"1":{"line":39,"type":"binary-expr","locations":[{"start":{"line":39,"column":23},"end":{"line":39,"column":62}},{"start":{"line":40,"column":20},"end":{"line":40,"column":70}},{"start":{"line":41,"column":20},"end":{"line":41,"column":71}},{"start":{"line":42,"column":20},"end":{"line":42,"column":29}}]},"2":{"line":44,"type":"binary-expr","locations":[{"start":{"line":44,"column":23},"end":{"line":44,"column":37}},{"start":{"line":45,"column":20},"end":{"line":45,"column":61}},{"start":{"line":46,"column":20},"end":{"line":46,"column":70}},{"start":{"line":47,"column":20},"end":{"line":47,"column":26}}]},"3":{"line":51,"type":"cond-expr","locations":[{"start":{"line":52,"column":14},"end":{"line":52,"column":20}},{"start":{"line":53,"column":14},"end":{"line":53,"column":20}}]},"4":{"line":55,"type":"binary-expr","locations":[{"start":{"line":55,"column":16},"end":{"line":55,"column":44}},{"start":{"line":55,"column":49},"end":{"line":57,"column":43}}]},"5":{"line":55,"type":"cond-expr","locations":[{"start":{"line":56,"column":14},"end":{"line":56,"column":46}},{"start":{"line":57,"column":14},"end":{"line":57,"column":43}}]},"6":{"line":61,"type":"switch","locations":[{"start":{"line":68,"column":4},"end":{"line":150,"column":14},"skip":true},{"start":{"line":156,"column":4},"end":{"line":323,"column":14},"skip":true}]},"7":{"line":70,"type":"if","locations":[{"start":{"line":70,"column":12},"end":{"line":70,"column":12},"skip":true},{"start":{"line":70,"column":12},"end":{"line":70,"column":12},"skip":true}]},"8":{"line":70,"type":"binary-expr","locations":[{"start":{"line":70,"column":16},"end":{"line":70,"column":22},"skip":true},{"start":{"line":70,"column":27},"end":{"line":70,"column":32},"skip":true},{"start":{"line":71,"column":20},"end":{"line":71,"column":39},"skip":true},{"start":{"line":72,"column":20},"end":{"line":72,"column":49},"skip":true},{"start":{"line":73,"column":20},"end":{"line":73,"column":58},"skip":true},{"start":{"line":74,"column":20},"end":{"line":74,"column":69},"skip":true}]},"9":{"line":79,"type":"switch","locations":[{"start":{"line":80,"column":20},"end":{"line":80,"column":33},"skip":true},{"start":{"line":81,"column":20},"end":{"line":83,"column":30},"skip":true},{"start":{"line":84,"column":20},"end":{"line":85,"column":49},"skip":true}]},"10":{"line":89,"type":"switch","locations":[{"start":{"line":90,"column":12},"end":{"line":103,"column":22},"skip":true},{"start":{"line":105,"column":12},"end":{"line":106,"column":22},"skip":true}]},"11":{"line":89,"type":"binary-expr","locations":[{"start":{"line":89,"column":20},"end":{"line":89,"column":25},"skip":true},{"start":{"line":89,"column":29},"end":{"line":89,"column":48},"skip":true},{"start":{"line":89,"column":52},"end":{"line":89,"column":74},"skip":true}]},"12":{"line":92,"type":"if","locations":[{"start":{"line":92,"column":16},"end":{"line":92,"column":16},"skip":true},{"start":{"line":92,"column":16},"end":{"line":92,"column":16},"skip":true}]},"13":{"line":108,"type":"if","locations":[{"start":{"line":108,"column":12},"end":{"line":108,"column":12},"skip":true},{"start":{"line":108,"column":12},"end":{"line":108,"column":12},"skip":true}]},"14":{"line":108,"type":"binary-expr","locations":[{"start":{"line":108,"column":16},"end":{"line":108,"column":61},"skip":true},{"start":{"line":108,"column":66},"end":{"line":108,"column":72},"skip":true},{"start":{"line":108,"column":77},"end":{"line":108,"column":82},"skip":true},{"start":{"line":109,"column":20},"end":{"line":109,"column":39},"skip":true},{"start":{"line":110,"column":20},"end":{"line":110,"column":49},"skip":true},{"start":{"line":111,"column":20},"end":{"line":111,"column":58},"skip":true},{"start":{"line":112,"column":20},"end":{"line":112,"column":68},"skip":true}]},"15":{"line":129,"type":"if","locations":[{"start":{"line":129,"column":16},"end":{"line":129,"column":16},"skip":true},{"start":{"line":129,"column":16},"end":{"line":129,"column":16},"skip":true}]},"16":{"line":134,"type":"cond-expr","locations":[{"start":{"line":135,"column":26},"end":{"line":135,"column":29},"skip":true},{"start":{"line":136,"column":26},"end":{"line":136,"column":54},"skip":true}]},"17":{"line":164,"type":"binary-expr","locations":[{"start":{"line":164,"column":27},"end":{"line":164,"column":43},"skip":true},{"start":{"line":164,"column":47},"end":{"line":164,"column":49},"skip":true}]},"18":{"line":258,"type":"if","locations":[{"start":{"line":258,"column":8},"end":{"line":258,"column":8},"skip":true},{"start":{"line":258,"column":8},"end":{"line":258,"column":8},"skip":true}]},"19":{"line":275,"type":"switch","locations":[{"start":{"line":276,"column":20},"end":{"line":277,"column":64},"skip":true},{"start":{"line":278,"column":20},"end":{"line":279,"column":40},"skip":true},{"start":{"line":280,"column":20},"end":{"line":281,"column":40},"skip":true},{"start":{"line":282,"column":20},"end":{"line":283,"column":39},"skip":true}]},"20":{"line":288,"type":"if","locations":[{"start":{"line":288,"column":8},"end":{"line":288,"column":8},"skip":true},{"start":{"line":288,"column":8},"end":{"line":288,"column":8},"skip":true}]},"21":{"line":288,"type":"binary-expr","locations":[{"start":{"line":288,"column":12},"end":{"line":288,"column":40},"skip":true},{"start":{"line":288,"column":44},"end":{"line":288,"column":67},"skip":true}]},"22":{"line":292,"type":"binary-expr","locations":[{"start":{"line":292,"column":12},"end":{"line":292,"column":50},"skip":true},{"start":{"line":293,"column":12},"end":{"line":293,"column":53},"skip":true}]},"23":{"line":295,"type":"binary-expr","locations":[{"start":{"line":295,"column":12},"end":{"line":295,"column":60},"skip":true},{"start":{"line":296,"column":12},"end":{"line":301,"column":36},"skip":true}]},"24":{"line":302,"type":"binary-expr","locations":[{"start":{"line":302,"column":43},"end":{"line":302,"column":75},"skip":true},{"start":{"line":302,"column":79},"end":{"line":302,"column":81},"skip":true}]},"25":{"line":305,"type":"if","locations":[{"start":{"line":305,"column":8},"end":{"line":305,"column":8},"skip":true},{"start":{"line":305,"column":8},"end":{"line":305,"column":8},"skip":true}]},"26":{"line":309,"type":"if","locations":[{"start":{"line":309,"column":8},"end":{"line":309,"column":8},"skip":true},{"start":{"line":309,"column":8},"end":{"line":309,"column":8},"skip":true}]},"27":{"line":312,"type":"binary-expr","locations":[{"start":{"line":312,"column":27},"end":{"line":312,"column":43},"skip":true},{"start":{"line":312,"column":47},"end":{"line":312,"column":53},"skip":true}]},"28":{"line":316,"type":"if","locations":[{"start":{"line":316,"column":12},"end":{"line":316,"column":12},"skip":true},{"start":{"line":316,"column":12},"end":{"line":316,"column":12},"skip":true}]}},"code":["/*","example.js","","quickstart example","","instruction","    1. save this script as example.js","    2. run the shell command:","        $ npm install npmtest-ip && PORT=8081 node example.js","    3. play with the browser-demo on http://127.0.0.1:8081","*/","","","","/* istanbul instrument in package npmtest_ip */","/*jslint","    bitwise: true,","    browser: true,","    maxerr: 8,","    maxlen: 96,","    node: true,","    nomen: true,","    regexp: true,","    stupid: true","*/","(function () {","    'use strict';","    var local;","","","","    // run shared js-env code - pre-init","    (function () {","        // init local","        local = {};","        // init modeJs","        local.modeJs = (function () {","            try {","                return typeof navigator.userAgent === 'string' &&","                    typeof document.querySelector('body') === 'object' &&","                    typeof XMLHttpRequest.prototype.open === 'function' &&","                    'browser';","            } catch (errorCaughtBrowser) {","                return module.exports &&","                    typeof process.versions.node === 'string' &&","                    typeof require('http').createServer === 'function' &&","                    'node';","            }","        }());","        // init global","        local.global = local.modeJs === 'browser'","            ? window","            : global;","        // init utility2_rollup","        local = local.global.utility2_rollup || (local.modeJs === 'browser'","            ? local.global.utility2_npmtest_ip","            : global.utility2_moduleExports);","        // export local","        local.global.local = local;","    }());","    switch (local.modeJs) {","","","","    // post-init","    // run browser js-env code - post-init","    /* istanbul ignore next */","    case 'browser':","        local.testRunBrowser = function (event) {","            if (!event || (event &&","                    event.currentTarget &&","                    event.currentTarget.className &&","                    event.currentTarget.className.includes &&","                    event.currentTarget.className.includes('onreset'))) {","                // reset output","                Array.from(","                    document.querySelectorAll('body > .resettable')","                ).forEach(function (element) {","                    switch (element.tagName) {","                    case 'INPUT':","                    case 'TEXTAREA':","                        element.value = '';","                        break;","                    default:","                        element.textContent = '';","                    }","                });","            }","            switch (event && event.currentTarget && event.currentTarget.id) {","            case 'testRunButton1':","                // show tests","                if (document.querySelector('#testReportDiv1').style.display === 'none') {","                    document.querySelector('#testReportDiv1').style.display = 'block';","                    document.querySelector('#testRunButton1').textContent =","                        'hide internal test';","                    local.modeTest = true;","                    local.testRunDefault(local);","                // hide tests","                } else {","                    document.querySelector('#testReportDiv1').style.display = 'none';","                    document.querySelector('#testRunButton1').textContent = 'run internal test';","                }","                break;","            // custom-case","            default:","                break;","            }","            if (document.querySelector('#inputTextareaEval1') && (!event || (event &&","                    event.currentTarget &&","                    event.currentTarget.className &&","                    event.currentTarget.className.includes &&","                    event.currentTarget.className.includes('oneval')))) {","                // try to eval input-code","                try {","                    /*jslint evil: true*/","                    eval(document.querySelector('#inputTextareaEval1').value);","                } catch (errorCaught) {","                    console.error(errorCaught.stack);","                }","            }","        };","        // log stderr and stdout to #outputTextareaStdout1","        ['error', 'log'].forEach(function (key) {","            console[key + '_original'] = console[key];","            console[key] = function () {","                var element;","                console[key + '_original'].apply(console, arguments);","                element = document.querySelector('#outputTextareaStdout1');","                if (!element) {","                    return;","                }","                // append text to #outputTextareaStdout1","                element.value += Array.from(arguments).map(function (arg) {","                    return typeof arg === 'string'","                        ? arg","                        : JSON.stringify(arg, null, 4);","                }).join(' ') + '\\n';","                // scroll textarea to bottom","                element.scrollTop = element.scrollHeight;","            };","        });","        // init event-handling","        ['change', 'click', 'keyup'].forEach(function (event) {","            Array.from(document.querySelectorAll('.on' + event)).forEach(function (element) {","                element.addEventListener(event, local.testRunBrowser);","            });","        });","        // run tests","        local.testRunBrowser();","        break;","","","","    // run node js-env code - post-init","    /* istanbul ignore next */","    case 'node':","        // export local","        module.exports = local;","        // require modules","        local.fs = require('fs');","        local.http = require('http');","        local.url = require('url');","        // init assets","        local.assetsDict = local.assetsDict || {};","        /* jslint-ignore-begin */","        local.assetsDict['/assets.index.template.html'] = '\\","<!doctype html>\\n\\","<html lang=\"en\">\\n\\","<head>\\n\\","<meta charset=\"UTF-8\">\\n\\","<meta name=\"viewport\" content=\"width=device-width, initial-scale=1\">\\n\\","<title>{{env.npm_package_name}} (v{{env.npm_package_version}})</title>\\n\\","<style>\\n\\","/*csslint\\n\\","    box-sizing: false,\\n\\","    universal-selector: false\\n\\","*/\\n\\","* {\\n\\","    box-sizing: border-box;\\n\\","}\\n\\","body {\\n\\","    background: #dde;\\n\\","    font-family: Arial, Helvetica, sans-serif;\\n\\","    margin: 2rem;\\n\\","}\\n\\","body > * {\\n\\","    margin-bottom: 1rem;\\n\\","}\\n\\",".utility2FooterDiv {\\n\\","    margin-top: 20px;\\n\\","    text-align: center;\\n\\","}\\n\\","</style>\\n\\","<style>\\n\\","/*csslint\\n\\","*/\\n\\","textarea {\\n\\","    font-family: monospace;\\n\\","    height: 10rem;\\n\\","    width: 100%;\\n\\","}\\n\\","textarea[readonly] {\\n\\","    background: #ddd;\\n\\","}\\n\\","</style>\\n\\","</head>\\n\\","<body>\\n\\","<!-- utility2-comment\\n\\","<div id=\"ajaxProgressDiv1\" style=\"background: #d00; height: 2px; left: 0; margin: 0; padding: 0; position: fixed; top: 0; transition: background 0.5s, width 1.5s; width: 25%;\"></div>\\n\\","utility2-comment -->\\n\\","<h1>\\n\\","<!-- utility2-comment\\n\\","    <a\\n\\","        {{#if env.npm_package_homepage}}\\n\\","        href=\"{{env.npm_package_homepage}}\"\\n\\","        {{/if env.npm_package_homepage}}\\n\\","        target=\"_blank\"\\n\\","    >\\n\\","utility2-comment -->\\n\\","        {{env.npm_package_name}} (v{{env.npm_package_version}})\\n\\","<!-- utility2-comment\\n\\","    </a>\\n\\","utility2-comment -->\\n\\","</h1>\\n\\","<h3>{{env.npm_package_description}}</h3>\\n\\","<!-- utility2-comment\\n\\","<h4><a download href=\"assets.app.js\">download standalone app</a></h4>\\n\\","<button class=\"onclick onreset\" id=\"testRunButton1\">run internal test</button><br>\\n\\","<div id=\"testReportDiv1\" style=\"display: none;\"></div>\\n\\","utility2-comment -->\\n\\","\\n\\","\\n\\","\\n\\","<label>stderr and stdout</label>\\n\\","<textarea class=\"resettable\" id=\"outputTextareaStdout1\" readonly></textarea>\\n\\","<!-- utility2-comment\\n\\","{{#if isRollup}}\\n\\","<script src=\"assets.app.js\"></script>\\n\\","{{#unless isRollup}}\\n\\","utility2-comment -->\\n\\","<script src=\"assets.utility2.rollup.js\"></script>\\n\\","<script src=\"jsonp.utility2._stateInit?callback=window.utility2._stateInit\"></script>\\n\\","<script src=\"assets.npmtest_ip.rollup.js\"></script>\\n\\","<script src=\"assets.example.js\"></script>\\n\\","<script src=\"assets.test.js\"></script>\\n\\","<!-- utility2-comment\\n\\","{{/if isRollup}}\\n\\","utility2-comment -->\\n\\","<div class=\"utility2FooterDiv\">\\n\\","    [ this app was created with\\n\\","    <a href=\"https://github.com/kaizhu256/node-utility2\" target=\"_blank\">utility2</a>\\n\\","    ]\\n\\","</div>\\n\\","</body>\\n\\","</html>\\n\\","';","        /* jslint-ignore-end */","        if (local.templateRender) {","            local.assetsDict['/'] = local.templateRender(","                local.assetsDict['/assets.index.template.html'],","                {","                    env: local.objectSetDefault(local.env, {","                        npm_package_description: 'the greatest app in the world!',","                        npm_package_name: 'my-app',","                        npm_package_nameAlias: 'my_app',","                        npm_package_version: '0.0.1'","                    })","                }","            );","        } else {","            local.assetsDict['/'] = local.assetsDict['/assets.index.template.html']","                .replace((/\\{\\{env\\.(\\w+?)\\}\\}/g), function (match0, match1) {","                    // jslint-hack","                    String(match0);","                    switch (match1) {","                    case 'npm_package_description':","                        return 'the greatest app in the world!';","                    case 'npm_package_name':","                        return 'my-app';","                    case 'npm_package_nameAlias':","                        return 'my_app';","                    case 'npm_package_version':","                        return '0.0.1';","                    }","                });","        }","        // run the cli","        if (local.global.utility2_rollup || module !== require.main) {","            break;","        }","        local.assetsDict['/assets.example.js'] =","            local.assetsDict['/assets.example.js'] ||","            local.fs.readFileSync(__filename, 'utf8');","        local.assetsDict['/assets.npmtest_ip.rollup.js'] =","            local.assetsDict['/assets.npmtest_ip.rollup.js'] ||","            local.fs.readFileSync(","                // buildCustomOrg-hack","                local.npmtest_ip.__dirname +","                    '/lib.npmtest_ip.js',","                'utf8'","            ).replace((/^#!/), '//');","        local.assetsDict['/favicon.ico'] = local.assetsDict['/favicon.ico'] || '';","        // if $npm_config_timeout_exit exists,","        // then exit this process after $npm_config_timeout_exit ms","        if (Number(process.env.npm_config_timeout_exit)) {","            setTimeout(process.exit, Number(process.env.npm_config_timeout_exit));","        }","        // start server","        if (local.global.utility2_serverHttp1) {","            break;","        }","        process.env.PORT = process.env.PORT || '8081';","        console.error('server starting on port ' + process.env.PORT);","        local.http.createServer(function (request, response) {","            request.urlParsed = local.url.parse(request.url);","            if (local.assetsDict[request.urlParsed.pathname] !== undefined) {","                response.end(local.assetsDict[request.urlParsed.pathname]);","                return;","            }","            response.statusCode = 404;","            response.end();","        }).listen(process.env.PORT);","        break;","    }","}());",""],"l":{"26":2,"28":2,"33":2,"35":2,"37":2,"38":2,"39":2,"44":1,"51":2,"55":2,"59":2,"61":2,"69":1,"70":2,"76":2,"79":2,"82":2,"83":2,"85":1,"89":2,"92":1,"93":1,"94":1,"96":1,"97":1,"100":1,"101":1,"103":1,"106":1,"108":2,"114":1,"116":1,"118":1,"123":1,"124":2,"125":2,"126":2,"127":2,"128":2,"129":2,"130":1,"133":2,"134":2,"139":2,"143":1,"144":3,"145":1,"149":1,"150":1,"158":1,"160":1,"161":1,"162":1,"164":1,"166":1,"258":1,"259":1,"271":1,"274":6,"275":6,"277":1,"279":2,"281":1,"283":2,"288":1,"289":1,"291":1,"294":1,"302":1,"305":1,"306":1,"309":1,"310":1,"312":1,"313":1,"314":1,"315":1,"316":1,"317":1,"318":1,"320":1,"321":1,"323":1}},"/home/travis/build/npmtest/node-npmtest-ip/ip/lib/ip.js":{"path":"/home/travis/build/npmtest/node-npmtest-ip/ip/lib/ip.js","s":{"1":1,"2":1,"3":1,"4":1,"5":0,"6":0,"7":0,"8":0,"9":0,"10":0,"11":0,"12":0,"13":0,"14":0,"15":0,"16":0,"17":0,"18":0,"19":0,"20":0,"21":0,"22":0,"23":0,"24":0,"25":0,"26":0,"27":0,"28":0,"29":0,"30":0,"31":0,"32":0,"33":0,"34":0,"35":0,"36":0,"37":0,"38":0,"39":0,"40":0,"41":0,"42":1,"43":0,"44":0,"45":0,"46":0,"47":0,"48":0,"49":0,"50":0,"51":0,"52":0,"53":0,"54":0,"55":0,"56":0,"57":1,"58":1,"59":1,"60":0,"61":1,"62":0,"63":1,"64":0,"65":1,"66":0,"67":0,"68":0,"69":0,"70":0,"71":0,"72":0,"73":0,"74":0,"75":0,"76":0,"77":0,"78":0,"79":0,"80":1,"81":0,"82":0,"83":0,"84":0,"85":0,"86":0,"87":0,"88":0,"89":0,"90":0,"91":0,"92":0,"93":0,"94":0,"95":0,"96":0,"97":0,"98":0,"99":0,"100":0,"101":1,"102":0,"103":0,"104":0,"105":0,"106":0,"107":0,"108":1,"109":0,"110":0,"111":0,"112":0,"113":0,"114":0,"115":0,"116":0,"117":0,"118":0,"119":0,"120":0,"121":0,"122":1,"123":0,"124":0,"125":0,"126":0,"127":0,"128":0,"129":1,"130":0,"131":0,"132":0,"133":0,"134":1,"135":0,"136":0,"137":0,"138":0,"139":0,"140":0,"141":0,"142":0,"143":0,"144":0,"145":0,"146":0,"147":0,"148":0,"149":0,"150":1,"151":0,"152":0,"153":0,"154":0,"155":0,"156":0,"157":0,"158":0,"159":0,"160":0,"161":0,"162":0,"163":0,"164":0,"165":0,"166":0,"167":0,"168":0,"169":0,"170":0,"171":0,"172":1,"173":0,"174":1,"175":0,"176":1,"177":0,"178":1,"179":0,"180":0,"181":0,"182":0,"183":1,"184":0,"185":0,"186":0,"187":0,"188":0,"189":0,"190":0,"191":0,"192":0,"193":0,"194":0,"195":0,"196":0,"197":0,"198":0,"199":0,"200":0,"201":0,"202":0,"203":0,"204":1,"205":0,"206":0,"207":0,"208":0,"209":0,"210":1,"211":0},"b":{"1":[0,0],"2":[0,0],"3":[0,0],"4":[0,0],"5":[0,0],"6":[0,0],"7":[0,0],"8":[0,0],"9":[0,0],"10":[0,0],"11":[0,0],"12":[0,0],"13":[0,0],"14":[0,0],"15":[0,0],"16":[0,0],"17":[0,0],"18":[0,0],"19":[0,0],"20":[0,0],"21":[0,0],"22":[0,0],"23":[0,0],"24":[0,0],"25":[0,0],"26":[0,0],"27":[0,0],"28":[0,0],"29":[0,0],"30":[0,0],"31":[0,0],"32":[0,0],"33":[0,0],"34":[0,0],"35":[0,0],"36":[0,0],"37":[0,0,0,0,0,0,0,0,0],"38":[0,0,0,0],"39":[0,0],"40":[0,0],"41":[0,0],"42":[0,0],"43":[0,0,0],"44":[0,0],"45":[0,0],"46":[0,0],"47":[0,0],"48":[0,0],"49":[0,0],"50":[0,0]},"f":{"1":0,"2":0,"3":0,"4":0,"5":0,"6":0,"7":0,"8":0,"9":0,"10":0,"11":0,"12":0,"13":0,"14":0,"15":0,"16":0,"17":0,"18":0,"19":0,"20":0,"21":0,"22":0,"23":0,"24":0,"25":0,"26":0},"fnMap":{"1":{"name":"(anonymous_1)","line":7,"loc":{"start":{"line":7,"column":14},"end":{"line":7,"column":41}}},"2":{"name":"(anonymous_2)","line":14,"loc":{"start":{"line":14,"column":24},"end":{"line":14,"column":39}}},"3":{"name":"(anonymous_3)","line":63,"loc":{"start":{"line":63,"column":14},"end":{"line":63,"column":45}}},"4":{"name":"(anonymous_4)","line":91,"loc":{"start":{"line":91,"column":16},"end":{"line":91,"column":29}}},"5":{"name":"(anonymous_5)","line":95,"loc":{"start":{"line":95,"column":16},"end":{"line":95,"column":29}}},"6":{"name":"_normalizeFamily","line":98,"loc":{"start":{"line":98,"column":0},"end":{"line":98,"column":34}}},"7":{"name":"(anonymous_7)","line":102,"loc":{"start":{"line":102,"column":19},"end":{"line":102,"column":47}}},"8":{"name":"(anonymous_8)","line":128,"loc":{"start":{"line":128,"column":10},"end":{"line":128,"column":31}}},"9":{"name":"(anonymous_9)","line":166,"loc":{"start":{"line":166,"column":10},"end":{"line":166,"column":31}}},"10":{"name":"(anonymous_10)","line":178,"loc":{"start":{"line":178,"column":12},"end":{"line":178,"column":33}}},"11":{"name":"(anonymous_11)","line":213,"loc":{"start":{"line":213,"column":14},"end":{"line":213,"column":30}}},"12":{"name":"(anonymous_12)","line":219,"loc":{"start":{"line":219,"column":16},"end":{"line":219,"column":37}}},"13":{"name":"(anonymous_13)","line":231,"loc":{"start":{"line":231,"column":9},"end":{"line":231,"column":24}}},"14":{"name":"(anonymous_14)","line":239,"loc":{"start":{"line":239,"column":8},"end":{"line":239,"column":23}}},"15":{"name":"(anonymous_15)","line":268,"loc":{"start":{"line":268,"column":13},"end":{"line":268,"column":28}}},"16":{"name":"(anonymous_16)","line":302,"loc":{"start":{"line":302,"column":15},"end":{"line":302,"column":30}}},"17":{"name":"(anonymous_17)","line":316,"loc":{"start":{"line":316,"column":14},"end":{"line":316,"column":29}}},"18":{"name":"(anonymous_18)","line":320,"loc":{"start":{"line":320,"column":16},"end":{"line":320,"column":31}}},"19":{"name":"(anonymous_19)","line":328,"loc":{"start":{"line":328,"column":14},"end":{"line":328,"column":31}}},"20":{"name":"(anonymous_20)","line":356,"loc":{"start":{"line":356,"column":13},"end":{"line":356,"column":36}}},"21":{"name":"(anonymous_21)","line":370,"loc":{"start":{"line":370,"column":38},"end":{"line":370,"column":56}}},"22":{"name":"(anonymous_22)","line":379,"loc":{"start":{"line":379,"column":40},"end":{"line":379,"column":55}}},"23":{"name":"(anonymous_23)","line":384,"loc":{"start":{"line":384,"column":43},"end":{"line":384,"column":62}}},"24":{"name":"(anonymous_24)","line":402,"loc":{"start":{"line":402,"column":12},"end":{"line":402,"column":25}}},"25":{"name":"(anonymous_25)","line":404,"loc":{"start":{"line":404,"column":24},"end":{"line":404,"column":40}}},"26":{"name":"(anonymous_26)","line":411,"loc":{"start":{"line":411,"column":14},"end":{"line":411,"column":28}}}},"statementMap":{"1":{"start":{"line":3,"column":0},"end":{"line":3,"column":17}},"2":{"start":{"line":4,"column":0},"end":{"line":4,"column":38}},"3":{"start":{"line":5,"column":0},"end":{"line":5,"column":23}},"4":{"start":{"line":7,"column":0},"end":{"line":61,"column":2}},"5":{"start":{"line":8,"column":2},"end":{"line":8,"column":20}},"6":{"start":{"line":10,"column":2},"end":{"line":10,"column":13}},"7":{"start":{"line":12,"column":2},"end":{"line":54,"column":3}},"8":{"start":{"line":13,"column":4},"end":{"line":13,"column":44}},"9":{"start":{"line":14,"column":4},"end":{"line":16,"column":7}},"10":{"start":{"line":15,"column":6},"end":{"line":15,"column":51}},"11":{"start":{"line":17,"column":9},"end":{"line":54,"column":3}},"12":{"start":{"line":18,"column":4},"end":{"line":18,"column":36}},"13":{"start":{"line":20,"column":4},"end":{"line":20,"column":10}},"14":{"start":{"line":21,"column":4},"end":{"line":33,"column":5}},"15":{"start":{"line":22,"column":6},"end":{"line":22,"column":46}},"16":{"start":{"line":23,"column":6},"end":{"line":23,"column":19}},"17":{"start":{"line":25,"column":6},"end":{"line":28,"column":7}},"18":{"start":{"line":26,"column":8},"end":{"line":26,"column":46}},"19":{"start":{"line":27,"column":8},"end":{"line":27,"column":59}},"20":{"start":{"line":30,"column":6},"end":{"line":32,"column":7}},"21":{"start":{"line":31,"column":8},"end":{"line":31,"column":68}},"22":{"start":{"line":35,"column":4},"end":{"line":46,"column":5}},"23":{"start":{"line":36,"column":6},"end":{"line":36,"column":56}},"24":{"start":{"line":36,"column":34},"end":{"line":36,"column":56}},"25":{"start":{"line":37,"column":11},"end":{"line":46,"column":5}},"26":{"start":{"line":38,"column":6},"end":{"line":38,"column":53}},"27":{"start":{"line":38,"column":34},"end":{"line":38,"column":53}},"28":{"start":{"line":39,"column":11},"end":{"line":46,"column":5}},"29":{"start":{"line":40,"column":6},"end":{"line":40,"column":66}},"30":{"start":{"line":41,"column":6},"end":{"line":41,"column":26}},"31":{"start":{"line":42,"column":6},"end":{"line":44,"column":7}},"32":{"start":{"line":43,"column":8},"end":{"line":43,"column":23}},"33":{"start":{"line":45,"column":6},"end":{"line":45,"column":44}},"34":{"start":{"line":48,"column":4},"end":{"line":48,"column":45}},"35":{"start":{"line":49,"column":4},"end":{"line":53,"column":5}},"36":{"start":{"line":50,"column":6},"end":{"line":50,"column":43}},"37":{"start":{"line":51,"column":6},"end":{"line":51,"column":44}},"38":{"start":{"line":52,"column":6},"end":{"line":52,"column":37}},"39":{"start":{"line":56,"column":2},"end":{"line":58,"column":3}},"40":{"start":{"line":57,"column":4},"end":{"line":57,"column":45}},"41":{"start":{"line":60,"column":2},"end":{"line":60,"column":16}},"42":{"start":{"line":63,"column":0},"end":{"line":85,"column":2}},"43":{"start":{"line":64,"column":2},"end":{"line":64,"column":20}},"44":{"start":{"line":65,"column":2},"end":{"line":65,"column":44}},"45":{"start":{"line":67,"column":2},"end":{"line":67,"column":18}},"46":{"start":{"line":68,"column":2},"end":{"line":82,"column":3}},"47":{"start":{"line":70,"column":4},"end":{"line":72,"column":5}},"48":{"start":{"line":71,"column":6},"end":{"line":71,"column":36}},"49":{"start":{"line":73,"column":4},"end":{"line":73,"column":30}},"50":{"start":{"line":74,"column":9},"end":{"line":82,"column":3}},"51":{"start":{"line":76,"column":4},"end":{"line":78,"column":5}},"52":{"start":{"line":77,"column":6},"end":{"line":77,"column":62}},"53":{"start":{"line":79,"column":4},"end":{"line":79,"column":30}},"54":{"start":{"line":80,"column":4},"end":{"line":80,"column":60}},"55":{"start":{"line":81,"column":4},"end":{"line":81,"column":44}},"56":{"start":{"line":84,"column":2},"end":{"line":84,"column":16}},"57":{"start":{"line":87,"column":0},"end":{"line":87,"column":44}},"58":{"start":{"line":88,"column":0},"end":{"line":89,"column":77}},"59":{"start":{"line":91,"column":0},"end":{"line":93,"column":2}},"60":{"start":{"line":92,"column":2},"end":{"line":92,"column":28}},"61":{"start":{"line":95,"column":0},"end":{"line":97,"column":2}},"62":{"start":{"line":96,"column":2},"end":{"line":96,"column":28}},"63":{"start":{"line":98,"column":0},"end":{"line":100,"column":1}},"64":{"start":{"line":99,"column":2},"end":{"line":99,"column":48}},"65":{"start":{"line":102,"column":0},"end":{"line":126,"column":2}},"66":{"start":{"line":103,"column":2},"end":{"line":107,"column":3}},"67":{"start":{"line":104,"column":4},"end":{"line":104,"column":20}},"68":{"start":{"line":106,"column":4},"end":{"line":106,"column":38}},"69":{"start":{"line":109,"column":2},"end":{"line":109,"column":14}},"70":{"start":{"line":110,"column":2},"end":{"line":112,"column":3}},"71":{"start":{"line":111,"column":4},"end":{"line":111,"column":13}},"72":{"start":{"line":113,"column":2},"end":{"line":113,"column":29}},"73":{"start":{"line":115,"column":2},"end":{"line":123,"column":3}},"74":{"start":{"line":116,"column":4},"end":{"line":116,"column":17}},"75":{"start":{"line":117,"column":4},"end":{"line":119,"column":5}},"76":{"start":{"line":118,"column":6},"end":{"line":118,"column":23}},"77":{"start":{"line":120,"column":4},"end":{"line":120,"column":22}},"78":{"start":{"line":122,"column":4},"end":{"line":122,"column":37}},"79":{"start":{"line":125,"column":2},"end":{"line":125,"column":27}},"80":{"start":{"line":128,"column":0},"end":{"line":164,"column":2}},"81":{"start":{"line":129,"column":2},"end":{"line":129,"column":27}},"82":{"start":{"line":130,"column":2},"end":{"line":130,"column":27}},"83":{"start":{"line":132,"column":2},"end":{"line":132,"column":62}},"84":{"start":{"line":134,"column":2},"end":{"line":134,"column":12}},"85":{"start":{"line":136,"column":2},"end":{"line":159,"column":3}},"86":{"start":{"line":137,"column":4},"end":{"line":139,"column":5}},"87":{"start":{"line":138,"column":6},"end":{"line":138,"column":36}},"88":{"start":{"line":140,"column":9},"end":{"line":159,"column":3}},"89":{"start":{"line":143,"column":4},"end":{"line":145,"column":5}},"90":{"start":{"line":144,"column":6},"end":{"line":144,"column":55}},"91":{"start":{"line":148,"column":4},"end":{"line":150,"column":5}},"92":{"start":{"line":149,"column":6},"end":{"line":149,"column":20}},"93":{"start":{"line":153,"column":4},"end":{"line":153,"column":22}},"94":{"start":{"line":154,"column":4},"end":{"line":154,"column":22}},"95":{"start":{"line":155,"column":4},"end":{"line":157,"column":5}},"96":{"start":{"line":156,"column":6},"end":{"line":156,"column":46}},"97":{"start":{"line":158,"column":4},"end":{"line":158,"column":15}},"98":{"start":{"line":160,"column":2},"end":{"line":161,"column":18}},"99":{"start":{"line":161,"column":4},"end":{"line":161,"column":18}},"100":{"start":{"line":163,"column":2},"end":{"line":163,"column":29}},"101":{"start":{"line":166,"column":0},"end":{"line":176,"column":2}},"102":{"start":{"line":167,"column":2},"end":{"line":167,"column":40}},"103":{"start":{"line":169,"column":2},"end":{"line":169,"column":26}},"104":{"start":{"line":170,"column":2},"end":{"line":171,"column":52}},"105":{"start":{"line":171,"column":4},"end":{"line":171,"column":52}},"106":{"start":{"line":173,"column":2},"end":{"line":173,"column":58}},"107":{"start":{"line":175,"column":2},"end":{"line":175,"column":29}},"108":{"start":{"line":178,"column":0},"end":{"line":217,"column":2}},"109":{"start":{"line":179,"column":2},"end":{"line":179,"column":54}},"110":{"start":{"line":182,"column":2},"end":{"line":182,"column":37}},"111":{"start":{"line":183,"column":2},"end":{"line":183,"column":21}},"112":{"start":{"line":185,"column":2},"end":{"line":195,"column":3}},"113":{"start":{"line":186,"column":4},"end":{"line":194,"column":5}},"114":{"start":{"line":187,"column":6},"end":{"line":187,"column":22}},"115":{"start":{"line":189,"column":6},"end":{"line":189,"column":39}},"116":{"start":{"line":190,"column":6},"end":{"line":193,"column":7}},"117":{"start":{"line":191,"column":8},"end":{"line":191,"column":36}},"118":{"start":{"line":192,"column":8},"end":{"line":192,"column":21}},"119":{"start":{"line":197,"column":2},"end":{"line":197,"column":55}},"120":{"start":{"line":199,"column":2},"end":{"line":216,"column":4}},"121":{"start":{"line":214,"column":6},"end":{"line":214,"column":64}},"122":{"start":{"line":219,"column":0},"end":{"line":229,"column":2}},"123":{"start":{"line":220,"column":2},"end":{"line":220,"column":40}},"124":{"start":{"line":222,"column":2},"end":{"line":222,"column":26}},"125":{"start":{"line":223,"column":2},"end":{"line":224,"column":52}},"126":{"start":{"line":224,"column":4},"end":{"line":224,"column":52}},"127":{"start":{"line":226,"column":2},"end":{"line":226,"column":58}},"128":{"start":{"line":228,"column":2},"end":{"line":228,"column":31}},"129":{"start":{"line":231,"column":0},"end":{"line":237,"column":2}},"130":{"start":{"line":232,"column":2},"end":{"line":232,"column":31}},"131":{"start":{"line":233,"column":2},"end":{"line":235,"column":3}},"132":{"start":{"line":234,"column":4},"end":{"line":234,"column":29}},"133":{"start":{"line":236,"column":2},"end":{"line":236,"column":27}},"134":{"start":{"line":239,"column":0},"end":{"line":266,"column":2}},"135":{"start":{"line":240,"column":2},"end":{"line":240,"column":21}},"136":{"start":{"line":241,"column":2},"end":{"line":241,"column":21}},"137":{"start":{"line":244,"column":2},"end":{"line":265,"column":3}},"138":{"start":{"line":245,"column":4},"end":{"line":247,"column":5}},"139":{"start":{"line":246,"column":6},"end":{"line":246,"column":19}},"140":{"start":{"line":248,"column":4},"end":{"line":248,"column":26}},"141":{"start":{"line":252,"column":4},"end":{"line":252,"column":17}},"142":{"start":{"line":253,"column":4},"end":{"line":253,"column":18}},"143":{"start":{"line":254,"column":4},"end":{"line":257,"column":5}},"144":{"start":{"line":255,"column":6},"end":{"line":255,"column":15}},"145":{"start":{"line":256,"column":6},"end":{"line":256,"column":16}},"146":{"start":{"line":259,"column":4},"end":{"line":259,"column":44}},"147":{"start":{"line":260,"column":4},"end":{"line":262,"column":5}},"148":{"start":{"line":261,"column":6},"end":{"line":261,"column":35}},"149":{"start":{"line":264,"column":4},"end":{"line":264,"column":29}},"150":{"start":{"line":268,"column":0},"end":{"line":300,"column":2}},"151":{"start":{"line":269,"column":2},"end":{"line":269,"column":21}},"152":{"start":{"line":270,"column":2},"end":{"line":270,"column":21}},"153":{"start":{"line":273,"column":2},"end":{"line":278,"column":3}},"154":{"start":{"line":274,"column":4},"end":{"line":276,"column":5}},"155":{"start":{"line":275,"column":6},"end":{"line":275,"column":38}},"156":{"start":{"line":275,"column":25},"end":{"line":275,"column":38}},"157":{"start":{"line":277,"column":4},"end":{"line":277,"column":16}},"158":{"start":{"line":281,"column":2},"end":{"line":285,"column":3}},"159":{"start":{"line":282,"column":4},"end":{"line":282,"column":14}},"160":{"start":{"line":283,"column":4},"end":{"line":283,"column":10}},"161":{"start":{"line":284,"column":4},"end":{"line":284,"column":10}},"162":{"start":{"line":288,"column":2},"end":{"line":290,"column":3}},"163":{"start":{"line":289,"column":4},"end":{"line":289,"column":33}},"164":{"start":{"line":289,"column":20},"end":{"line":289,"column":33}},"165":{"start":{"line":292,"column":2},"end":{"line":292,"column":32}},"166":{"start":{"line":293,"column":2},"end":{"line":293,"column":50}},"167":{"start":{"line":293,"column":37},"end":{"line":293,"column":50}},"168":{"start":{"line":295,"column":2},"end":{"line":297,"column":3}},"169":{"start":{"line":296,"column":4},"end":{"line":296,"column":41}},"170":{"start":{"line":296,"column":28},"end":{"line":296,"column":41}},"171":{"start":{"line":299,"column":2},"end":{"line":299,"column":14}},"172":{"start":{"line":302,"column":0},"end":{"line":314,"column":2}},"173":{"start":{"line":303,"column":2},"end":{"line":313,"column":22}},"174":{"start":{"line":316,"column":0},"end":{"line":318,"column":2}},"175":{"start":{"line":317,"column":2},"end":{"line":317,"column":29}},"176":{"start":{"line":320,"column":0},"end":{"line":326,"column":2}},"177":{"start":{"line":321,"column":2},"end":{"line":325,"column":22}},"178":{"start":{"line":328,"column":0},"end":{"line":339,"column":2}},"179":{"start":{"line":332,"column":2},"end":{"line":332,"column":36}},"180":{"start":{"line":334,"column":2},"end":{"line":336,"column":3}},"181":{"start":{"line":335,"column":4},"end":{"line":335,"column":51}},"182":{"start":{"line":338,"column":2},"end":{"line":338,"column":53}},"183":{"start":{"line":356,"column":0},"end":{"line":400,"column":2}},"184":{"start":{"line":357,"column":2},"end":{"line":357,"column":42}},"185":{"start":{"line":358,"column":2},"end":{"line":358,"column":10}},"186":{"start":{"line":363,"column":2},"end":{"line":363,"column":36}},"187":{"start":{"line":369,"column":2},"end":{"line":377,"column":3}},"188":{"start":{"line":370,"column":4},"end":{"line":373,"column":7}},"189":{"start":{"line":371,"column":6},"end":{"line":371,"column":52}},"190":{"start":{"line":372,"column":6},"end":{"line":372,"column":35}},"191":{"start":{"line":374,"column":4},"end":{"line":375,"column":23}},"192":{"start":{"line":375,"column":6},"end":{"line":375,"column":23}},"193":{"start":{"line":376,"column":4},"end":{"line":376,"column":26}},"194":{"start":{"line":379,"column":2},"end":{"line":397,"column":21}},"195":{"start":{"line":384,"column":4},"end":{"line":394,"column":7}},"196":{"start":{"line":385,"column":6},"end":{"line":385,"column":52}},"197":{"start":{"line":386,"column":6},"end":{"line":390,"column":7}},"198":{"start":{"line":387,"column":8},"end":{"line":387,"column":21}},"199":{"start":{"line":388,"column":13},"end":{"line":390,"column":7}},"200":{"start":{"line":389,"column":8},"end":{"line":389,"column":20}},"201":{"start":{"line":392,"column":6},"end":{"line":393,"column":39}},"202":{"start":{"line":396,"column":4},"end":{"line":396,"column":63}},"203":{"start":{"line":399,"column":2},"end":{"line":399,"column":52}},"204":{"start":{"line":402,"column":0},"end":{"line":409,"column":2}},"205":{"start":{"line":403,"column":2},"end":{"line":403,"column":14}},"206":{"start":{"line":404,"column":2},"end":{"line":407,"column":5}},"207":{"start":{"line":405,"column":4},"end":{"line":405,"column":14}},"208":{"start":{"line":406,"column":4},"end":{"line":406,"column":27}},"209":{"start":{"line":408,"column":2},"end":{"line":408,"column":20}},"210":{"start":{"line":411,"column":0},"end":{"line":416,"column":2}},"211":{"start":{"line":412,"column":2},"end":{"line":415,"column":20}}},"branchMap":{"1":{"line":12,"type":"if","locations":[{"start":{"line":12,"column":2},"end":{"line":12,"column":2}},{"start":{"line":12,"column":2},"end":{"line":12,"column":2}}]},"2":{"line":13,"type":"binary-expr","locations":[{"start":{"line":13,"column":13},"end":{"line":13,"column":17}},{"start":{"line":13,"column":21},"end":{"line":13,"column":43}}]},"3":{"line":17,"type":"if","locations":[{"start":{"line":17,"column":9},"end":{"line":17,"column":9}},{"start":{"line":17,"column":9},"end":{"line":17,"column":9}}]},"4":{"line":25,"type":"if","locations":[{"start":{"line":25,"column":6},"end":{"line":25,"column":6}},{"start":{"line":25,"column":6},"end":{"line":25,"column":6}}]},"5":{"line":30,"type":"if","locations":[{"start":{"line":30,"column":6},"end":{"line":30,"column":6}},{"start":{"line":30,"column":6},"end":{"line":30,"column":6}}]},"6":{"line":30,"type":"binary-expr","locations":[{"start":{"line":30,"column":10},"end":{"line":30,"column":18}},{"start":{"line":30,"column":22},"end":{"line":30,"column":29}}]},"7":{"line":35,"type":"if","locations":[{"start":{"line":35,"column":4},"end":{"line":35,"column":4}},{"start":{"line":35,"column":4},"end":{"line":35,"column":4}}]},"8":{"line":37,"type":"if","locations":[{"start":{"line":37,"column":11},"end":{"line":37,"column":11}},{"start":{"line":37,"column":11},"end":{"line":37,"column":11}}]},"9":{"line":39,"type":"if","locations":[{"start":{"line":39,"column":11},"end":{"line":39,"column":11}},{"start":{"line":39,"column":11},"end":{"line":39,"column":11}}]},"10":{"line":40,"type":"binary-expr","locations":[{"start":{"line":40,"column":18},"end":{"line":40,"column":37}},{"start":{"line":40,"column":41},"end":{"line":40,"column":59}}]},"11":{"line":48,"type":"binary-expr","locations":[{"start":{"line":48,"column":13},"end":{"line":48,"column":17}},{"start":{"line":48,"column":21},"end":{"line":48,"column":44}}]},"12":{"line":56,"type":"if","locations":[{"start":{"line":56,"column":2},"end":{"line":56,"column":2}},{"start":{"line":56,"column":2},"end":{"line":56,"column":2}}]},"13":{"line":65,"type":"binary-expr","locations":[{"start":{"line":65,"column":11},"end":{"line":65,"column":17}},{"start":{"line":65,"column":22},"end":{"line":65,"column":42}}]},"14":{"line":68,"type":"if","locations":[{"start":{"line":68,"column":2},"end":{"line":68,"column":2}},{"start":{"line":68,"column":2},"end":{"line":68,"column":2}}]},"15":{"line":74,"type":"if","locations":[{"start":{"line":74,"column":9},"end":{"line":74,"column":9}},{"start":{"line":74,"column":9},"end":{"line":74,"column":9}}]},"16":{"line":99,"type":"cond-expr","locations":[{"start":{"line":99,"column":18},"end":{"line":99,"column":38}},{"start":{"line":99,"column":41},"end":{"line":99,"column":47}}]},"17":{"line":103,"type":"if","locations":[{"start":{"line":103,"column":2},"end":{"line":103,"column":2}},{"start":{"line":103,"column":2},"end":{"line":103,"column":2}}]},"18":{"line":110,"type":"if","locations":[{"start":{"line":110,"column":2},"end":{"line":110,"column":2}},{"start":{"line":110,"column":2},"end":{"line":110,"column":2}}]},"19":{"line":117,"type":"if","locations":[{"start":{"line":117,"column":4},"end":{"line":117,"column":4}},{"start":{"line":117,"column":4},"end":{"line":117,"column":4}}]},"20":{"line":136,"type":"if","locations":[{"start":{"line":136,"column":2},"end":{"line":136,"column":2}},{"start":{"line":136,"column":2},"end":{"line":136,"column":2}}]},"21":{"line":140,"type":"if","locations":[{"start":{"line":140,"column":9},"end":{"line":140,"column":9}},{"start":{"line":140,"column":9},"end":{"line":140,"column":9}}]},"22":{"line":170,"type":"if","locations":[{"start":{"line":170,"column":2},"end":{"line":170,"column":2}},{"start":{"line":170,"column":2},"end":{"line":170,"column":2}}]},"23":{"line":186,"type":"if","locations":[{"start":{"line":186,"column":4},"end":{"line":186,"column":4}},{"start":{"line":186,"column":4},"end":{"line":186,"column":4}}]},"24":{"line":201,"type":"cond-expr","locations":[{"start":{"line":202,"column":20},"end":{"line":202,"column":47}},{"start":{"line":203,"column":20},"end":{"line":203,"column":51}}]},"25":{"line":204,"type":"cond-expr","locations":[{"start":{"line":205,"column":20},"end":{"line":205,"column":71}},{"start":{"line":206,"column":20},"end":{"line":206,"column":71}}]},"26":{"line":210,"type":"cond-expr","locations":[{"start":{"line":211,"column":16},"end":{"line":211,"column":33}},{"start":{"line":211,"column":36},"end":{"line":211,"column":57}}]},"27":{"line":223,"type":"if","locations":[{"start":{"line":223,"column":2},"end":{"line":223,"column":2}},{"start":{"line":223,"column":2},"end":{"line":223,"column":2}}]},"28":{"line":244,"type":"if","locations":[{"start":{"line":244,"column":2},"end":{"line":244,"column":2}},{"start":{"line":244,"column":2},"end":{"line":244,"column":2}}]},"29":{"line":254,"type":"if","locations":[{"start":{"line":254,"column":4},"end":{"line":254,"column":4}},{"start":{"line":254,"column":4},"end":{"line":254,"column":4}}]},"30":{"line":273,"type":"if","locations":[{"start":{"line":273,"column":2},"end":{"line":273,"column":2}},{"start":{"line":273,"column":2},"end":{"line":273,"column":2}}]},"31":{"line":275,"type":"if","locations":[{"start":{"line":275,"column":6},"end":{"line":275,"column":6}},{"start":{"line":275,"column":6},"end":{"line":275,"column":6}}]},"32":{"line":281,"type":"if","locations":[{"start":{"line":281,"column":2},"end":{"line":281,"column":2}},{"start":{"line":281,"column":2},"end":{"line":281,"column":2}}]},"33":{"line":289,"type":"if","locations":[{"start":{"line":289,"column":4},"end":{"line":289,"column":4}},{"start":{"line":289,"column":4},"end":{"line":289,"column":4}}]},"34":{"line":293,"type":"if","locations":[{"start":{"line":293,"column":2},"end":{"line":293,"column":2}},{"start":{"line":293,"column":2},"end":{"line":293,"column":2}}]},"35":{"line":293,"type":"binary-expr","locations":[{"start":{"line":293,"column":6},"end":{"line":293,"column":16}},{"start":{"line":293,"column":20},"end":{"line":293,"column":35}}]},"36":{"line":296,"type":"if","locations":[{"start":{"line":296,"column":4},"end":{"line":296,"column":4}},{"start":{"line":296,"column":4},"end":{"line":296,"column":4}}]},"37":{"line":303,"type":"binary-expr","locations":[{"start":{"line":303,"column":9},"end":{"line":304,"column":17}},{"start":{"line":305,"column":4},"end":{"line":305,"column":66}},{"start":{"line":306,"column":4},"end":{"line":307,"column":17}},{"start":{"line":308,"column":4},"end":{"line":308,"column":75}},{"start":{"line":309,"column":4},"end":{"line":309,"column":66}},{"start":{"line":310,"column":4},"end":{"line":310,"column":36}},{"start":{"line":311,"column":4},"end":{"line":311,"column":24}},{"start":{"line":312,"column":4},"end":{"line":312,"column":22}},{"start":{"line":313,"column":4},"end":{"line":313,"column":21}}]},"38":{"line":321,"type":"binary-expr","locations":[{"start":{"line":321,"column":9},"end":{"line":322,"column":17}},{"start":{"line":323,"column":4},"end":{"line":323,"column":26}},{"start":{"line":324,"column":4},"end":{"line":324,"column":22}},{"start":{"line":325,"column":4},"end":{"line":325,"column":21}}]},"39":{"line":334,"type":"if","locations":[{"start":{"line":334,"column":2},"end":{"line":334,"column":2}},{"start":{"line":334,"column":2},"end":{"line":334,"column":2}}]},"40":{"line":334,"type":"binary-expr","locations":[{"start":{"line":334,"column":6},"end":{"line":334,"column":23}},{"start":{"line":334,"column":27},"end":{"line":334,"column":44}}]},"41":{"line":338,"type":"cond-expr","locations":[{"start":{"line":338,"column":29},"end":{"line":338,"column":40}},{"start":{"line":338,"column":43},"end":{"line":338,"column":52}}]},"42":{"line":369,"type":"if","locations":[{"start":{"line":369,"column":2},"end":{"line":369,"column":2}},{"start":{"line":369,"column":2},"end":{"line":369,"column":2}}]},"43":{"line":369,"type":"binary-expr","locations":[{"start":{"line":369,"column":6},"end":{"line":369,"column":10}},{"start":{"line":369,"column":14},"end":{"line":369,"column":32}},{"start":{"line":369,"column":36},"end":{"line":369,"column":53}}]},"44":{"line":374,"type":"if","locations":[{"start":{"line":374,"column":4},"end":{"line":374,"column":4}},{"start":{"line":374,"column":4},"end":{"line":374,"column":4}}]},"45":{"line":386,"type":"if","locations":[{"start":{"line":386,"column":6},"end":{"line":386,"column":6}},{"start":{"line":386,"column":6},"end":{"line":386,"column":6}}]},"46":{"line":386,"type":"binary-expr","locations":[{"start":{"line":386,"column":10},"end":{"line":386,"column":35}},{"start":{"line":386,"column":39},"end":{"line":386,"column":69}}]},"47":{"line":388,"type":"if","locations":[{"start":{"line":388,"column":13},"end":{"line":388,"column":13}},{"start":{"line":388,"column":13},"end":{"line":388,"column":13}}]},"48":{"line":392,"type":"cond-expr","locations":[{"start":{"line":392,"column":33},"end":{"line":392,"column":62}},{"start":{"line":393,"column":10},"end":{"line":393,"column":38}}]},"49":{"line":396,"type":"cond-expr","locations":[{"start":{"line":396,"column":30},"end":{"line":396,"column":50}},{"start":{"line":396,"column":53},"end":{"line":396,"column":62}}]},"50":{"line":399,"type":"cond-expr","locations":[{"start":{"line":399,"column":23},"end":{"line":399,"column":42}},{"start":{"line":399,"column":45},"end":{"line":399,"column":51}}]}},"code":["'use strict';","","var ip = exports;","var Buffer = require('buffer').Buffer;","var os = require('os');","","ip.toBuffer = function(ip, buff, offset) {","  offset = ~~offset;","","  var result;","","  if (this.isV4Format(ip)) {","    result = buff || new Buffer(offset + 4);","    ip.split(/\\./g).map(function(byte) {","      result[offset++] = parseInt(byte, 10) & 0xff;","    });","  } else if (this.isV6Format(ip)) {","    var sections = ip.split(':', 8);","","    var i;","    for (i = 0; i < sections.length; i++) {","      var isv4 = this.isV4Format(sections[i]);","      var v4Buffer;","","      if (isv4) {","        v4Buffer = this.toBuffer(sections[i]);","        sections[i] = v4Buffer.slice(0, 2).toString('hex');","      }","","      if (v4Buffer && ++i < 8) {","        sections.splice(i, 0, v4Buffer.slice(2, 4).toString('hex'));","      }","    }","","    if (sections[0] === '') {","      while (sections.length < 8) sections.unshift('0');","    } else if (sections[sections.length - 1] === '') {","      while (sections.length < 8) sections.push('0');","    } else if (sections.length < 8) {","      for (i = 0; i < sections.length && sections[i] !== ''; i++);","      var argv = [ i, 1 ];","      for (i = 9 - sections.length; i > 0; i--) {","        argv.push('0');","      }","      sections.splice.apply(sections, argv);","    }","","    result = buff || new Buffer(offset + 16);","    for (i = 0; i < sections.length; i++) {","      var word = parseInt(sections[i], 16);","      result[offset++] = (word >> 8) & 0xff;","      result[offset++] = word & 0xff;","    }","  }","","  if (!result) {","    throw Error('Invalid ip address: ' + ip);","  }","","  return result;","};","","ip.toString = function(buff, offset, length) {","  offset = ~~offset;","  length = length || (buff.length - offset);","","  var result = [];","  if (length === 4) {","    // IPv4","    for (var i = 0; i < length; i++) {","      result.push(buff[offset + i]);","    }","    result = result.join('.');","  } else if (length === 16) {","    // IPv6","    for (var i = 0; i < length; i += 2) {","      result.push(buff.readUInt16BE(offset + i).toString(16));","    }","    result = result.join(':');","    result = result.replace(/(^|:)0(:0)*:0(:|$)/, '$1::$3');","    result = result.replace(/:{3,4}/, '::');","  }","","  return result;","};","","var ipv4Regex = /^(\\d{1,3}\\.){3,3}\\d{1,3}$/;","var ipv6Regex =","    /^(::)?(((\\d{1,3}\\.){3}(\\d{1,3}){1})?([0-9a-f]){0,4}:{0,2}){1,8}(::)?$/i;","","ip.isV4Format = function(ip) {","  return ipv4Regex.test(ip);","};","","ip.isV6Format = function(ip) {","  return ipv6Regex.test(ip);","};","function _normalizeFamily(family) {","  return family ? family.toLowerCase() : 'ipv4';","}","","ip.fromPrefixLen = function(prefixlen, family) {","  if (prefixlen > 32) {","    family = 'ipv6';","  } else {","    family = _normalizeFamily(family);","  }","","  var len = 4;","  if (family === 'ipv6') {","    len = 16;","  }","  var buff = new Buffer(len);","","  for (var i = 0, n = buff.length; i < n; ++i) {","    var bits = 8;","    if (prefixlen < 8) {","      bits = prefixlen;","    }","    prefixlen -= bits;","","    buff[i] = ~(0xff >> bits) & 0xff;","  }","","  return ip.toString(buff);","};","","ip.mask = function(addr, mask) {","  addr = ip.toBuffer(addr);","  mask = ip.toBuffer(mask);","","  var result = new Buffer(Math.max(addr.length, mask.length));","","  var i = 0;","  // Same protocol - do bitwise and","  if (addr.length === mask.length) {","    for (i = 0; i < addr.length; i++) {","      result[i] = addr[i] & mask[i];","    }","  } else if (mask.length === 4) {","    // IPv6 address and IPv4 mask","    // (Mask low bits)","    for (i = 0; i < mask.length; i++) {","      result[i] = addr[addr.length - 4  + i] & mask[i];","    }","  } else {","    // IPv6 mask and IPv4 addr","    for (var i = 0; i < result.length - 6; i++) {","      result[i] = 0;","    }","","    // ::ffff:ipv4","    result[10] = 0xff;","    result[11] = 0xff;","    for (i = 0; i < addr.length; i++) {","      result[i + 12] = addr[i] & mask[i + 12];","    }","    i = i + 12;","  }","  for (; i < result.length; i++)","    result[i] = 0;","","  return ip.toString(result);","};","","ip.cidr = function(cidrString) {","  var cidrParts = cidrString.split('/');","","  var addr = cidrParts[0];","  if (cidrParts.length !== 2)","    throw new Error('invalid CIDR subnet: ' + addr);","","  var mask = ip.fromPrefixLen(parseInt(cidrParts[1], 10));","","  return ip.mask(addr, mask);","};","","ip.subnet = function(addr, mask) {","  var networkAddress = ip.toLong(ip.mask(addr, mask));","","  // Calculate the mask's length.","  var maskBuffer = ip.toBuffer(mask);","  var maskLength = 0;","","  for (var i = 0; i < maskBuffer.length; i++) {","    if (maskBuffer[i] === 0xff) {","      maskLength += 8;","    } else {","      var octet = maskBuffer[i] & 0xff;","      while (octet) {","        octet = (octet << 1) & 0xff;","        maskLength++;","      }","    }","  }","","  var numberOfAddresses = Math.pow(2, 32 - maskLength);","","  return {","    networkAddress: ip.fromLong(networkAddress),","    firstAddress: numberOfAddresses <= 2 ?","                    ip.fromLong(networkAddress) :","                    ip.fromLong(networkAddress + 1),","    lastAddress: numberOfAddresses <= 2 ?","                    ip.fromLong(networkAddress + numberOfAddresses - 1) :","                    ip.fromLong(networkAddress + numberOfAddresses - 2),","    broadcastAddress: ip.fromLong(networkAddress + numberOfAddresses - 1),","    subnetMask: mask,","    subnetMaskLength: maskLength,","    numHosts: numberOfAddresses <= 2 ?","                numberOfAddresses : numberOfAddresses - 2,","    length: numberOfAddresses,","    contains: function(other) {","      return networkAddress === ip.toLong(ip.mask(other, mask));","    }","  };","};","","ip.cidrSubnet = function(cidrString) {","  var cidrParts = cidrString.split('/');","","  var addr = cidrParts[0];","  if (cidrParts.length !== 2)","    throw new Error('invalid CIDR subnet: ' + addr);","","  var mask = ip.fromPrefixLen(parseInt(cidrParts[1], 10));","","  return ip.subnet(addr, mask);","};","","ip.not = function(addr) {","  var buff = ip.toBuffer(addr);","  for (var i = 0; i < buff.length; i++) {","    buff[i] = 0xff ^ buff[i];","  }","  return ip.toString(buff);","};","","ip.or = function(a, b) {","  a = ip.toBuffer(a);","  b = ip.toBuffer(b);","","  // same protocol","  if (a.length === b.length) {","    for (var i = 0; i < a.length; ++i) {","      a[i] |= b[i];","    }","    return ip.toString(a);","","  // mixed protocols","  } else {","    var buff = a;","    var other = b;","    if (b.length > a.length) {","      buff = b;","      other = a;","    }","","    var offset = buff.length - other.length;","    for (var i = offset; i < buff.length; ++i) {","      buff[i] |= other[i - offset];","    }","","    return ip.toString(buff);","  }","};","","ip.isEqual = function(a, b) {","  a = ip.toBuffer(a);","  b = ip.toBuffer(b);","","  // Same protocol","  if (a.length === b.length) {","    for (var i = 0; i < a.length; i++) {","      if (a[i] !== b[i]) return false;","    }","    return true;","  }","","  // Swap","  if (b.length === 4) {","    var t = b;","    b = a;","    a = t;","  }","","  // a - IPv4, b - IPv6","  for (var i = 0; i < 10; i++) {","    if (b[i] !== 0) return false;","  }","","  var word = b.readUInt16BE(10);","  if (word !== 0 && word !== 0xffff) return false;","","  for (var i = 0; i < 4; i++) {","    if (a[i] !== b[i + 12]) return false;","  }","","  return true;","};","","ip.isPrivate = function(addr) {","  return /^(::f{4}:)?10\\.([0-9]{1,3})\\.([0-9]{1,3})\\.([0-9]{1,3})$/i","      .test(addr) ||","    /^(::f{4}:)?192\\.168\\.([0-9]{1,3})\\.([0-9]{1,3})$/i.test(addr) ||","    /^(::f{4}:)?172\\.(1[6-9]|2\\d|30|31)\\.([0-9]{1,3})\\.([0-9]{1,3})$/i","      .test(addr) ||","    /^(::f{4}:)?127\\.([0-9]{1,3})\\.([0-9]{1,3})\\.([0-9]{1,3})$/i.test(addr) ||","    /^(::f{4}:)?169\\.254\\.([0-9]{1,3})\\.([0-9]{1,3})$/i.test(addr) ||","    /^f[cd][0-9a-f]{2}:/i.test(addr) ||","    /^fe80:/i.test(addr) ||","    /^::1$/.test(addr) ||","    /^::$/.test(addr);","};","","ip.isPublic = function(addr) {","  return !ip.isPrivate(addr);","};","","ip.isLoopback = function(addr) {","  return /^(::f{4}:)?127\\.([0-9]{1,3})\\.([0-9]{1,3})\\.([0-9]{1,3})/","      .test(addr) ||","    /^fe80::1$/.test(addr) ||","    /^::1$/.test(addr) ||","    /^::$/.test(addr);","};","","ip.loopback = function(family) {","  //","  // Default to `ipv4`","  //","  family = _normalizeFamily(family);","","  if (family !== 'ipv4' && family !== 'ipv6') {","    throw new Error('family must be ipv4 or ipv6');","  }","","  return family === 'ipv4' ? '127.0.0.1' : 'fe80::1';","};","","//","// ### function address (name, family)","// #### @name {string|'public'|'private'} **Optional** Name or security","//      of the network interface.","// #### @family {ipv4|ipv6} **Optional** IP family of the address (defaults","//      to ipv4).","//","// Returns the address for the network interface on the current system with","// the specified `name`:","//   * String: First `family` address of the interface.","//             If not found see `undefined`.","//   * 'public': the first public ip address of family.","//   * 'private': the first private ip address of family.","//   * undefined: First address with `ipv4` or loopback address `127.0.0.1`.","//","ip.address = function(name, family) {","  var interfaces = os.networkInterfaces();","  var all;","","  //","  // Default to `ipv4`","  //","  family = _normalizeFamily(family);","","  //","  // If a specific network interface has been named,","  // return the address.","  //","  if (name && name !== 'private' && name !== 'public') {","    var res = interfaces[name].filter(function(details) {","      var itemFamily = details.family.toLowerCase();","      return itemFamily === family;","    });","    if (res.length === 0)","      return undefined;","    return res[0].address;","  }","","  var all = Object.keys(interfaces).map(function (nic) {","    //","    // Note: name will only be `public` or `private`","    // when this is called.","    //","    var addresses = interfaces[nic].filter(function (details) {","      details.family = details.family.toLowerCase();","      if (details.family !== family || ip.isLoopback(details.address)) {","        return false;","      } else if (!name) {","        return true;","      }","","      return name === 'public' ? ip.isPrivate(details.address) :","          ip.isPublic(details.address);","    });","","    return addresses.length ? addresses[0].address : undefined;","  }).filter(Boolean);","","  return !all.length ? ip.loopback(family) : all[0];","};","","ip.toLong = function(ip) {","  var ipl = 0;","  ip.split('.').forEach(function(octet) {","    ipl <<= 8;","    ipl += parseInt(octet);","  });","  return(ipl >>> 0);","};","","ip.fromLong = function(ipl) {","  return ((ipl >>> 24) + '.' +","      (ipl >> 16 & 255) + '.' +","      (ipl >> 8 & 255) + '.' +","      (ipl & 255) );","};",""],"l":{"3":1,"4":1,"5":1,"7":1,"8":0,"10":0,"12":0,"13":0,"14":0,"15":0,"17":0,"18":0,"20":0,"21":0,"22":0,"23":0,"25":0,"26":0,"27":0,"30":0,"31":0,"35":0,"36":0,"37":0,"38":0,"39":0,"40":0,"41":0,"42":0,"43":0,"45":0,"48":0,"49":0,"50":0,"51":0,"52":0,"56":0,"57":0,"60":0,"63":1,"64":0,"65":0,"67":0,"68":0,"70":0,"71":0,"73":0,"74":0,"76":0,"77":0,"79":0,"80":0,"81":0,"84":0,"87":1,"88":1,"91":1,"92":0,"95":1,"96":0,"98":1,"99":0,"102":1,"103":0,"104":0,"106":0,"109":0,"110":0,"111":0,"113":0,"115":0,"116":0,"117":0,"118":0,"120":0,"122":0,"125":0,"128":1,"129":0,"130":0,"132":0,"134":0,"136":0,"137":0,"138":0,"140":0,"143":0,"144":0,"148":0,"149":0,"153":0,"154":0,"155":0,"156":0,"158":0,"160":0,"161":0,"163":0,"166":1,"167":0,"169":0,"170":0,"171":0,"173":0,"175":0,"178":1,"179":0,"182":0,"183":0,"185":0,"186":0,"187":0,"189":0,"190":0,"191":0,"192":0,"197":0,"199":0,"214":0,"219":1,"220":0,"222":0,"223":0,"224":0,"226":0,"228":0,"231":1,"232":0,"233":0,"234":0,"236":0,"239":1,"240":0,"241":0,"244":0,"245":0,"246":0,"248":0,"252":0,"253":0,"254":0,"255":0,"256":0,"259":0,"260":0,"261":0,"264":0,"268":1,"269":0,"270":0,"273":0,"274":0,"275":0,"277":0,"281":0,"282":0,"283":0,"284":0,"288":0,"289":0,"292":0,"293":0,"295":0,"296":0,"299":0,"302":1,"303":0,"316":1,"317":0,"320":1,"321":0,"328":1,"332":0,"334":0,"335":0,"338":0,"356":1,"357":0,"358":0,"363":0,"369":0,"370":0,"371":0,"372":0,"374":0,"375":0,"376":0,"379":0,"384":0,"385":0,"386":0,"387":0,"388":0,"389":0,"392":0,"396":0,"399":0,"402":1,"403":0,"404":0,"405":0,"406":0,"408":0,"411":1,"412":0}}}